INFO: 2023-08-28 12:32:40,427: Successfully read winequality-red.csv, shape (1599, 12)
INFO: 2023-08-28 12:32:40,478: SVR - RMSE: 0.91 - MAE: 0.69 - R2 Score: 0.17
INFO: 2023-08-28 12:32:40,481: 'SVR()' saved to 'saved_models\SVR'
INFO: 2023-08-28 12:32:40,691: GradientBoostingRegressor - RMSE: 0.49 - MAE: 0.37 - R2 Score: 0.76
INFO: 2023-08-28 12:32:40,722: 'GradientBoostingRegressor()' saved to 'saved_models\GradientBoostingRegressor'
INFO: 2023-08-28 12:32:40,731: Ridge - RMSE: 0.82 - MAE: 0.64 - R2 Score: 0.34
INFO: 2023-08-28 12:32:40,742: 'Ridge()' saved to 'saved_models\Ridge'
INFO: 2023-08-28 12:32:40,747: Lasso - RMSE: 1.00 - MAE: 0.82 - R2 Score: 0.01
INFO: 2023-08-28 12:32:40,749: 'Lasso()' saved to 'saved_models\Lasso'
INFO: 2023-08-28 12:32:40,765: DecisionTreeRegressor - RMSE: 0.68 - MAE: 0.44 - R2 Score: 0.55
INFO: 2023-08-28 12:32:40,767: 'DecisionTreeRegressor()' saved to 'saved_models\DecisionTreeRegressor'
INFO: 2023-08-28 12:33:04,759: Successfully read winequality-red.csv, shape (1599, 12)
INFO: 2023-08-28 12:33:04,812: SVR - RMSE: 0.91 - MAE: 0.69 - R2 Score: 0.17
INFO: 2023-08-28 12:33:04,815: 'SVR()' saved to 'saved_models\SVR'
INFO: 2023-08-28 12:33:05,027: GradientBoostingRegressor - RMSE: 0.49 - MAE: 0.37 - R2 Score: 0.76
INFO: 2023-08-28 12:33:05,037: 'GradientBoostingRegressor()' saved to 'saved_models\GradientBoostingRegressor'
INFO: 2023-08-28 12:33:05,042: Ridge - RMSE: 0.82 - MAE: 0.64 - R2 Score: 0.34
INFO: 2023-08-28 12:33:05,043: 'Ridge()' saved to 'saved_models\Ridge'
INFO: 2023-08-28 12:33:05,047: Lasso - RMSE: 1.00 - MAE: 0.82 - R2 Score: 0.01
INFO: 2023-08-28 12:33:05,048: 'Lasso()' saved to 'saved_models\Lasso'
INFO: 2023-08-28 12:33:05,063: DecisionTreeRegressor - RMSE: 0.68 - MAE: 0.45 - R2 Score: 0.54
INFO: 2023-08-28 12:33:05,065: 'DecisionTreeRegressor()' saved to 'saved_models\DecisionTreeRegressor'
INFO: 2023-08-28 12:36:10,918: Successfully read winequality-red.csv, shape (1599, 12)
INFO: 2023-08-28 12:36:10,974: SVR - RMSE: 0.91 - MAE: 0.69 - R2 Score: 0.17
INFO: 2023-08-28 12:36:10,977: 'SVR()' saved to 'saved_models\SVR'
INFO: 2023-08-28 12:36:11,192: GradientBoostingRegressor - RMSE: 0.49 - MAE: 0.37 - R2 Score: 0.76
INFO: 2023-08-28 12:36:11,196: 'GradientBoostingRegressor()' saved to 'saved_models\GradientBoostingRegressor'
INFO: 2023-08-28 12:36:11,200: Ridge - RMSE: 0.82 - MAE: 0.64 - R2 Score: 0.34
INFO: 2023-08-28 12:36:11,203: 'Ridge()' saved to 'saved_models\Ridge'
INFO: 2023-08-28 12:36:11,207: Lasso - RMSE: 1.00 - MAE: 0.82 - R2 Score: 0.01
INFO: 2023-08-28 12:36:11,208: 'Lasso()' saved to 'saved_models\Lasso'
INFO: 2023-08-28 12:36:11,225: DecisionTreeRegressor - RMSE: 0.69 - MAE: 0.44 - R2 Score: 0.53
INFO: 2023-08-28 12:36:11,226: 'DecisionTreeRegressor()' saved to 'saved_models\DecisionTreeRegressor'
INFO: 2023-08-28 13:20:45,416: Successfully read winequality-red.csv, shape (1599, 12)
INFO: 2023-08-28 13:20:45,437: 'winequality-red.csv' loaded to 'data\raw'
INFO: 2023-08-28 13:20:58,974: Successfully read winequality-red.csv, shape (1599, 12)
INFO: 2023-08-28 13:20:58,994: 'winequality-red.csv' loaded to 'data\raw'
INFO: 2023-08-28 13:20:59,977: Successfully read winequality-red.csv, shape (1599, 12)
INFO: 2023-08-28 13:20:59,978: Cleaning data...
INFO: 2023-08-28 13:20:59,981: Imputed missing values using SimpleImputer
INFO: 2023-08-28 13:20:59,990: 'winequality-red.csv' loaded to 'data\cleansed'
INFO: 2023-08-28 13:21:00,944: Successfully read winequality-red.csv, shape (1599, 12)
INFO: 2023-08-28 13:21:00,964: 'winequality-red.csv' loaded to 'data\transformed'
INFO: 2023-08-28 13:21:02,011: Successfully read winequality-red.csv, shape (1599, 12)
INFO: 2023-08-28 13:21:02,062: SVR - RMSE: 0.91 - MAE: 0.69 - R2 Score: 0.17
INFO: 2023-08-28 13:21:02,065: 'SVR()' saved to 'saved_models\SVR'
INFO: 2023-08-28 13:21:02,281: GradientBoostingRegressor - RMSE: 0.49 - MAE: 0.37 - R2 Score: 0.76
INFO: 2023-08-28 13:21:02,284: 'GradientBoostingRegressor()' saved to 'saved_models\GradientBoostingRegressor'
INFO: 2023-08-28 13:21:02,287: Ridge - RMSE: 0.82 - MAE: 0.64 - R2 Score: 0.34
INFO: 2023-08-28 13:21:02,297: 'Ridge()' saved to 'saved_models\Ridge'
INFO: 2023-08-28 13:21:02,302: Lasso - RMSE: 1.00 - MAE: 0.82 - R2 Score: 0.01
INFO: 2023-08-28 13:21:02,302: 'Lasso()' saved to 'saved_models\Lasso'
INFO: 2023-08-28 13:21:02,320: DecisionTreeRegressor - RMSE: 0.68 - MAE: 0.44 - R2 Score: 0.54
INFO: 2023-08-28 13:21:02,323: 'DecisionTreeRegressor()' saved to 'saved_models\DecisionTreeRegressor'
INFO: 2023-08-28 13:30:04,832: Successfully read winequality-red.csv, shape (1599, 12)
INFO: 2023-08-28 13:30:04,891: SVR - RMSE: 0.91 - MAE: 0.69 - R2 Score: 0.17
INFO: 2023-08-28 13:32:23,476: Successfully read winequality-red.csv, shape (1599, 12)
INFO: 2023-08-28 13:32:23,529: SVR - RMSE: 0.91 - MAE: 0.69 - R2 Score: 0.17
INFO: 2023-08-28 13:32:23,532: 'SVR()' saved to 'saved_models\SVR'
INFO: 2023-08-28 13:32:23,757: GradientBoostingRegressor - RMSE: 0.49 - MAE: 0.37 - R2 Score: 0.76
INFO: 2023-08-28 13:32:23,760: 'GradientBoostingRegressor()' saved to 'saved_models\GradientBoostingRegressor'
INFO: 2023-08-28 13:32:23,764: Ridge - RMSE: 0.82 - MAE: 0.64 - R2 Score: 0.34
INFO: 2023-08-28 13:32:23,766: 'Ridge()' saved to 'saved_models\Ridge'
INFO: 2023-08-28 13:32:23,770: Lasso - RMSE: 1.00 - MAE: 0.82 - R2 Score: 0.01
INFO: 2023-08-28 13:32:23,771: 'Lasso()' saved to 'saved_models\Lasso'
INFO: 2023-08-28 13:32:23,787: DecisionTreeRegressor - RMSE: 0.68 - MAE: 0.44 - R2 Score: 0.55
INFO: 2023-08-28 13:32:23,789: 'DecisionTreeRegressor()' saved to 'saved_models\DecisionTreeRegressor'
INFO: 2023-08-28 13:34:50,031: Successfully read winequality-red.csv, shape (1599, 12)
INFO: 2023-08-28 13:34:50,087: SVR - RMSE: 0.91 - MAE: 0.69 - R2 Score: 0.17
INFO: 2023-08-28 13:34:50,091: 'SVR()' saved to 'saved_models\SVR'
INFO: 2023-08-28 13:34:50,317: GradientBoostingRegressor - RMSE: 0.49 - MAE: 0.37 - R2 Score: 0.76
INFO: 2023-08-28 13:34:50,321: 'GradientBoostingRegressor()' saved to 'saved_models\GradientBoostingRegressor'
INFO: 2023-08-28 13:34:50,325: Ridge - RMSE: 0.82 - MAE: 0.64 - R2 Score: 0.34
INFO: 2023-08-28 13:34:50,327: 'Ridge()' saved to 'saved_models\Ridge'
INFO: 2023-08-28 13:34:50,332: Lasso - RMSE: 1.00 - MAE: 0.82 - R2 Score: 0.01
INFO: 2023-08-28 13:34:50,334: 'Lasso()' saved to 'saved_models\Lasso'
INFO: 2023-08-28 13:34:50,350: DecisionTreeRegressor - RMSE: 0.67 - MAE: 0.43 - R2 Score: 0.55
INFO: 2023-08-28 13:34:50,353: 'DecisionTreeRegressor()' saved to 'saved_models\DecisionTreeRegressor'
INFO: 2023-08-28 13:40:42,499: Successfully read winequality-red.csv, shape (1599, 12)
INFO: 2023-08-28 13:40:42,552: SVR - RMSE: 0.91 - MAE: 0.69 - R2 Score: 0.17
INFO: 2023-08-28 13:40:42,554: 'SVR()' saved to 'saved_models\SVR'
INFO: 2023-08-28 13:40:42,777: GradientBoostingRegressor - RMSE: 0.49 - MAE: 0.37 - R2 Score: 0.76
INFO: 2023-08-28 13:40:42,781: 'GradientBoostingRegressor()' saved to 'saved_models\GradientBoostingRegressor'
INFO: 2023-08-28 13:40:42,784: Ridge - RMSE: 0.82 - MAE: 0.64 - R2 Score: 0.34
INFO: 2023-08-28 13:40:42,786: 'Ridge()' saved to 'saved_models\Ridge'
INFO: 2023-08-28 13:40:42,789: Lasso - RMSE: 1.00 - MAE: 0.82 - R2 Score: 0.01
INFO: 2023-08-28 13:40:42,790: 'Lasso()' saved to 'saved_models\Lasso'
INFO: 2023-08-28 13:40:42,807: DecisionTreeRegressor - RMSE: 0.68 - MAE: 0.44 - R2 Score: 0.55
INFO: 2023-08-28 13:40:42,809: 'DecisionTreeRegressor()' saved to 'saved_models\DecisionTreeRegressor'
INFO: 2023-08-28 13:41:20,274: Successfully read winequality-red.csv, shape (1599, 12)
INFO: 2023-08-28 13:41:20,328: SVR - RMSE: 0.91 - MAE: 0.69 - R2 Score: 0.17
INFO: 2023-08-28 13:41:20,331: 'SVR()' saved to 'saved_models\SVR'
INFO: 2023-08-28 13:41:20,557: GradientBoostingRegressor - RMSE: 0.49 - MAE: 0.37 - R2 Score: 0.76
INFO: 2023-08-28 13:41:20,560: 'GradientBoostingRegressor()' saved to 'saved_models\GradientBoostingRegressor'
INFO: 2023-08-28 13:41:20,565: Ridge - RMSE: 0.82 - MAE: 0.64 - R2 Score: 0.34
INFO: 2023-08-28 13:41:20,566: 'Ridge()' saved to 'saved_models\Ridge'
INFO: 2023-08-28 13:41:20,570: Lasso - RMSE: 1.00 - MAE: 0.82 - R2 Score: 0.01
INFO: 2023-08-28 13:41:20,571: 'Lasso()' saved to 'saved_models\Lasso'
INFO: 2023-08-28 13:41:20,587: DecisionTreeRegressor - RMSE: 0.67 - MAE: 0.44 - R2 Score: 0.56
INFO: 2023-08-28 13:41:20,589: 'DecisionTreeRegressor()' saved to 'saved_models\DecisionTreeRegressor'
INFO: 2023-08-28 13:43:04,907: Successfully read winequality-red.csv, shape (1599, 12)
INFO: 2023-08-28 13:43:04,961: SVR - RMSE: 0.91 - MAE: 0.69 - R2 Score: 0.17
INFO: 2023-08-28 13:43:04,965: 'SVR()' saved to 'saved_models\SVR'
INFO: 2023-08-28 13:43:05,186: GradientBoostingRegressor - RMSE: 0.49 - MAE: 0.37 - R2 Score: 0.76
INFO: 2023-08-28 13:43:05,189: 'GradientBoostingRegressor()' saved to 'saved_models\GradientBoostingRegressor'
INFO: 2023-08-28 13:43:05,193: Ridge - RMSE: 0.82 - MAE: 0.64 - R2 Score: 0.34
INFO: 2023-08-28 13:43:05,194: 'Ridge()' saved to 'saved_models\Ridge'
INFO: 2023-08-28 13:43:05,200: Lasso - RMSE: 1.00 - MAE: 0.82 - R2 Score: 0.01
INFO: 2023-08-28 13:43:05,202: 'Lasso()' saved to 'saved_models\Lasso'
INFO: 2023-08-28 13:43:05,218: DecisionTreeRegressor - RMSE: 0.67 - MAE: 0.44 - R2 Score: 0.56
INFO: 2023-08-28 13:43:05,221: 'DecisionTreeRegressor()' saved to 'saved_models\DecisionTreeRegressor'
INFO: 2023-08-28 13:43:24,926: Successfully read winequality-red.csv, shape (1599, 12)
INFO: 2023-08-28 13:43:24,979: SVR - RMSE: 0.91 - MAE: 0.69 - R2 Score: 0.17
ERROR: 2023-08-28 13:43:24,980: Unable to save metrics to report\metrics.json. Error: Expecting value: line 1 column 1 (char 0)
INFO: 2023-08-28 13:43:24,981: 'SVR()' saved to 'saved_models\SVR'
INFO: 2023-08-28 13:43:25,201: GradientBoostingRegressor - RMSE: 0.49 - MAE: 0.37 - R2 Score: 0.76
ERROR: 2023-08-28 13:43:25,202: Unable to save metrics to report\metrics.json. Error: Expecting value: line 1 column 1 (char 0)
INFO: 2023-08-28 13:43:25,204: 'GradientBoostingRegressor()' saved to 'saved_models\GradientBoostingRegressor'
INFO: 2023-08-28 13:43:25,208: Ridge - RMSE: 0.82 - MAE: 0.64 - R2 Score: 0.34
ERROR: 2023-08-28 13:43:25,209: Unable to save metrics to report\metrics.json. Error: Expecting value: line 1 column 1 (char 0)
INFO: 2023-08-28 13:43:25,209: 'Ridge()' saved to 'saved_models\Ridge'
INFO: 2023-08-28 13:43:25,213: Lasso - RMSE: 1.00 - MAE: 0.82 - R2 Score: 0.01
ERROR: 2023-08-28 13:43:25,213: Unable to save metrics to report\metrics.json. Error: Expecting value: line 1 column 1 (char 0)
INFO: 2023-08-28 13:43:25,214: 'Lasso()' saved to 'saved_models\Lasso'
INFO: 2023-08-28 13:43:25,230: DecisionTreeRegressor - RMSE: 0.66 - MAE: 0.43 - R2 Score: 0.57
ERROR: 2023-08-28 13:43:25,231: Unable to save metrics to report\metrics.json. Error: Expecting value: line 1 column 1 (char 0)
INFO: 2023-08-28 13:43:25,232: 'DecisionTreeRegressor()' saved to 'saved_models\DecisionTreeRegressor'
INFO: 2023-08-28 13:45:45,288: Successfully read winequality-red.csv, shape (1599, 12)
INFO: 2023-08-28 13:45:45,343: SVR - RMSE: 0.91 - MAE: 0.69 - R2 Score: 0.17
INFO: 2023-08-28 13:45:45,346: 'SVR()' saved to 'saved_models\SVR'
INFO: 2023-08-28 13:45:45,569: GradientBoostingRegressor - RMSE: 0.49 - MAE: 0.37 - R2 Score: 0.76
INFO: 2023-08-28 13:45:45,575: 'GradientBoostingRegressor()' saved to 'saved_models\GradientBoostingRegressor'
INFO: 2023-08-28 13:45:45,578: Ridge - RMSE: 0.82 - MAE: 0.64 - R2 Score: 0.34
ERROR: 2023-08-28 13:45:45,579: Unable to save metrics to report\metrics.json. Error: Extra data: line 2 column 1 (char 152)
INFO: 2023-08-28 13:45:45,580: 'Ridge()' saved to 'saved_models\Ridge'
INFO: 2023-08-28 13:45:45,584: Lasso - RMSE: 1.00 - MAE: 0.82 - R2 Score: 0.01
ERROR: 2023-08-28 13:45:45,584: Unable to save metrics to report\metrics.json. Error: Extra data: line 2 column 1 (char 152)
INFO: 2023-08-28 13:45:45,585: 'Lasso()' saved to 'saved_models\Lasso'
INFO: 2023-08-28 13:45:45,601: DecisionTreeRegressor - RMSE: 0.68 - MAE: 0.45 - R2 Score: 0.54
ERROR: 2023-08-28 13:45:45,602: Unable to save metrics to report\metrics.json. Error: Extra data: line 2 column 1 (char 152)
INFO: 2023-08-28 13:45:45,603: 'DecisionTreeRegressor()' saved to 'saved_models\DecisionTreeRegressor'
INFO: 2023-08-28 13:48:39,371: Successfully read winequality-red.csv, shape (1599, 12)
INFO: 2023-08-28 13:48:39,424: SVR - RMSE: 0.91 - MAE: 0.69 - R2 Score: 0.17
ERROR: 2023-08-28 13:48:39,425: Unable to save metrics to report\metrics.json. Error: write() argument must be str, not None
INFO: 2023-08-28 13:48:39,426: 'SVR()' saved to 'saved_models\SVR'
INFO: 2023-08-28 13:48:39,653: GradientBoostingRegressor - RMSE: 0.49 - MAE: 0.37 - R2 Score: 0.76
ERROR: 2023-08-28 13:48:39,656: Unable to save metrics to report\metrics.json. Error: write() argument must be str, not None
INFO: 2023-08-28 13:48:39,658: 'GradientBoostingRegressor()' saved to 'saved_models\GradientBoostingRegressor'
INFO: 2023-08-28 13:48:39,661: Ridge - RMSE: 0.82 - MAE: 0.64 - R2 Score: 0.34
ERROR: 2023-08-28 13:48:39,662: Unable to save metrics to report\metrics.json. Error: Extra data: line 13 column 2 (char 259)
INFO: 2023-08-28 13:48:39,662: 'Ridge()' saved to 'saved_models\Ridge'
INFO: 2023-08-28 13:48:39,666: Lasso - RMSE: 1.00 - MAE: 0.82 - R2 Score: 0.01
ERROR: 2023-08-28 13:48:39,667: Unable to save metrics to report\metrics.json. Error: Extra data: line 13 column 2 (char 259)
INFO: 2023-08-28 13:48:39,667: 'Lasso()' saved to 'saved_models\Lasso'
INFO: 2023-08-28 13:48:39,685: DecisionTreeRegressor - RMSE: 0.65 - MAE: 0.42 - R2 Score: 0.58
ERROR: 2023-08-28 13:48:39,686: Unable to save metrics to report\metrics.json. Error: Extra data: line 13 column 2 (char 259)
INFO: 2023-08-28 13:48:39,687: 'DecisionTreeRegressor()' saved to 'saved_models\DecisionTreeRegressor'
INFO: 2023-08-28 13:49:18,105: Successfully read winequality-red.csv, shape (1599, 12)
INFO: 2023-08-28 13:49:18,157: SVR - RMSE: 0.91 - MAE: 0.69 - R2 Score: 0.17
INFO: 2023-08-28 13:49:18,160: 'SVR()' saved to 'saved_models\SVR'
INFO: 2023-08-28 13:49:18,382: GradientBoostingRegressor - RMSE: 0.49 - MAE: 0.37 - R2 Score: 0.76
INFO: 2023-08-28 13:49:18,413: 'GradientBoostingRegressor()' saved to 'saved_models\GradientBoostingRegressor'
INFO: 2023-08-28 13:49:18,418: Ridge - RMSE: 0.82 - MAE: 0.64 - R2 Score: 0.34
ERROR: 2023-08-28 13:49:18,418: Unable to save metrics to report\metrics.json. Error: Extra data: line 13 column 2 (char 259)
INFO: 2023-08-28 13:49:18,419: 'Ridge()' saved to 'saved_models\Ridge'
INFO: 2023-08-28 13:49:18,422: Lasso - RMSE: 1.00 - MAE: 0.82 - R2 Score: 0.01
ERROR: 2023-08-28 13:49:18,423: Unable to save metrics to report\metrics.json. Error: Extra data: line 13 column 2 (char 259)
INFO: 2023-08-28 13:49:18,423: 'Lasso()' saved to 'saved_models\Lasso'
INFO: 2023-08-28 13:49:18,443: DecisionTreeRegressor - RMSE: 0.67 - MAE: 0.44 - R2 Score: 0.55
ERROR: 2023-08-28 13:49:18,444: Unable to save metrics to report\metrics.json. Error: Extra data: line 13 column 2 (char 259)
INFO: 2023-08-28 13:49:18,445: 'DecisionTreeRegressor()' saved to 'saved_models\DecisionTreeRegressor'
INFO: 2023-08-28 13:50:02,750: Successfully read winequality-red.csv, shape (1599, 12)
INFO: 2023-08-28 13:50:02,806: SVR - RMSE: 0.91 - MAE: 0.69 - R2 Score: 0.17
INFO: 2023-08-28 13:50:02,809: 'SVR()' saved to 'saved_models\SVR'
INFO: 2023-08-28 13:50:03,030: GradientBoostingRegressor - RMSE: 0.49 - MAE: 0.37 - R2 Score: 0.76
INFO: 2023-08-28 13:50:03,034: 'GradientBoostingRegressor()' saved to 'saved_models\GradientBoostingRegressor'
INFO: 2023-08-28 13:50:03,038: Ridge - RMSE: 0.82 - MAE: 0.64 - R2 Score: 0.34
INFO: 2023-08-28 13:50:03,040: 'Ridge()' saved to 'saved_models\Ridge'
INFO: 2023-08-28 13:50:03,043: Lasso - RMSE: 1.00 - MAE: 0.82 - R2 Score: 0.01
INFO: 2023-08-28 13:50:03,045: 'Lasso()' saved to 'saved_models\Lasso'
INFO: 2023-08-28 13:50:03,060: DecisionTreeRegressor - RMSE: 0.67 - MAE: 0.44 - R2 Score: 0.55
INFO: 2023-08-28 13:50:03,062: 'DecisionTreeRegressor()' saved to 'saved_models\DecisionTreeRegressor'
INFO: 2023-08-28 13:51:14,255: Successfully read winequality-red.csv, shape (1599, 12)
INFO: 2023-08-28 13:51:14,308: SVR - RMSE: 0.91 - MAE: 0.69 - R2 Score: 0.17
INFO: 2023-08-28 13:51:14,311: 'SVR()' saved to 'saved_models\SVR'
INFO: 2023-08-28 13:51:14,533: GradientBoostingRegressor - RMSE: 0.49 - MAE: 0.37 - R2 Score: 0.76
INFO: 2023-08-28 13:51:14,538: 'GradientBoostingRegressor()' saved to 'saved_models\GradientBoostingRegressor'
INFO: 2023-08-28 13:51:14,542: Ridge - RMSE: 0.82 - MAE: 0.64 - R2 Score: 0.34
INFO: 2023-08-28 13:51:14,543: 'Ridge()' saved to 'saved_models\Ridge'
INFO: 2023-08-28 13:51:14,547: Lasso - RMSE: 1.00 - MAE: 0.82 - R2 Score: 0.01
INFO: 2023-08-28 13:51:14,549: 'Lasso()' saved to 'saved_models\Lasso'
INFO: 2023-08-28 13:51:14,565: DecisionTreeRegressor - RMSE: 0.67 - MAE: 0.44 - R2 Score: 0.55
INFO: 2023-08-28 13:51:14,568: 'DecisionTreeRegressor()' saved to 'saved_models\DecisionTreeRegressor'
INFO: 2023-08-28 13:59:32,899: Successfully read winequality-red.csv, shape (1599, 12)
INFO: 2023-08-28 13:59:32,950: SVR - RMSE: 0.91 - MAE: 0.69 - R2 Score: 0.17
INFO: 2023-08-28 13:59:32,952: 'SVR()' saved to 'saved_models\SVR'
INFO: 2023-08-28 13:59:33,178: GradientBoostingRegressor - RMSE: 0.49 - MAE: 0.37 - R2 Score: 0.76
INFO: 2023-08-28 13:59:33,185: 'GradientBoostingRegressor()' saved to 'saved_models\GradientBoostingRegressor'
INFO: 2023-08-28 13:59:33,190: Ridge - RMSE: 0.82 - MAE: 0.64 - R2 Score: 0.34
INFO: 2023-08-28 13:59:33,191: 'Ridge()' saved to 'saved_models\Ridge'
INFO: 2023-08-28 13:59:33,194: Lasso - RMSE: 1.00 - MAE: 0.82 - R2 Score: 0.01
INFO: 2023-08-28 13:59:33,196: 'Lasso()' saved to 'saved_models\Lasso'
INFO: 2023-08-28 13:59:33,213: DecisionTreeRegressor - RMSE: 0.68 - MAE: 0.44 - R2 Score: 0.54
INFO: 2023-08-28 13:59:33,215: 'DecisionTreeRegressor()' saved to 'saved_models\DecisionTreeRegressor'
INFO: 2023-08-28 14:00:21,834: Successfully read winequality-red.csv, shape (1599, 12)
INFO: 2023-08-28 14:00:21,887: SVR - RMSE: 0.91 - MAE: 0.69 - R2 Score: 0.17
INFO: 2023-08-28 14:00:21,891: 'SVR()' saved to 'saved_models\SVR'
INFO: 2023-08-28 14:00:22,117: GradientBoostingRegressor - RMSE: 0.49 - MAE: 0.37 - R2 Score: 0.76
INFO: 2023-08-28 14:00:22,121: 'GradientBoostingRegressor()' saved to 'saved_models\GradientBoostingRegressor'
INFO: 2023-08-28 14:00:22,124: Ridge - RMSE: 0.82 - MAE: 0.64 - R2 Score: 0.34
INFO: 2023-08-28 14:00:22,126: 'Ridge()' saved to 'saved_models\Ridge'
INFO: 2023-08-28 14:00:22,130: Lasso - RMSE: 1.00 - MAE: 0.82 - R2 Score: 0.01
INFO: 2023-08-28 14:00:22,132: 'Lasso()' saved to 'saved_models\Lasso'
INFO: 2023-08-28 14:00:22,147: DecisionTreeRegressor - RMSE: 0.68 - MAE: 0.44 - R2 Score: 0.55
INFO: 2023-08-28 14:00:22,150: 'DecisionTreeRegressor()' saved to 'saved_models\DecisionTreeRegressor'
INFO: 2023-08-28 14:01:34,434: Successfully read winequality-red.csv, shape (1599, 12)
INFO: 2023-08-28 14:01:34,486: SVR - RMSE: 0.91 - MAE: 0.69 - R2 Score: 0.17
INFO: 2023-08-28 14:01:34,489: 'SVR()' saved to 'saved_models\SVR'
INFO: 2023-08-28 14:01:34,714: GradientBoostingRegressor - RMSE: 0.49 - MAE: 0.37 - R2 Score: 0.76
INFO: 2023-08-28 14:01:34,719: 'GradientBoostingRegressor()' saved to 'saved_models\GradientBoostingRegressor'
INFO: 2023-08-28 14:01:34,722: Ridge - RMSE: 0.82 - MAE: 0.64 - R2 Score: 0.34
INFO: 2023-08-28 14:01:34,724: 'Ridge()' saved to 'saved_models\Ridge'
INFO: 2023-08-28 14:01:34,728: Lasso - RMSE: 1.00 - MAE: 0.82 - R2 Score: 0.01
INFO: 2023-08-28 14:01:34,730: 'Lasso()' saved to 'saved_models\Lasso'
INFO: 2023-08-28 14:01:34,746: DecisionTreeRegressor - RMSE: 0.65 - MAE: 0.43 - R2 Score: 0.58
INFO: 2023-08-28 14:01:34,748: 'DecisionTreeRegressor()' saved to 'saved_models\DecisionTreeRegressor'
INFO: 2023-08-28 14:02:29,280: Successfully read winequality-red.csv, shape (1599, 12)
INFO: 2023-08-28 14:02:29,334: SVR - RMSE: 0.91 - MAE: 0.69 - R2 Score: 0.17
INFO: 2023-08-28 14:02:29,338: 'SVR()' saved to 'saved_models\SVR'
INFO: 2023-08-28 14:02:29,559: GradientBoostingRegressor - RMSE: 0.49 - MAE: 0.37 - R2 Score: 0.76
INFO: 2023-08-28 14:02:29,562: 'GradientBoostingRegressor()' saved to 'saved_models\GradientBoostingRegressor'
INFO: 2023-08-28 14:02:29,566: Ridge - RMSE: 0.82 - MAE: 0.64 - R2 Score: 0.34
INFO: 2023-08-28 14:02:29,568: 'Ridge()' saved to 'saved_models\Ridge'
INFO: 2023-08-28 14:02:29,571: Lasso - RMSE: 1.00 - MAE: 0.82 - R2 Score: 0.01
INFO: 2023-08-28 14:02:29,573: 'Lasso()' saved to 'saved_models\Lasso'
INFO: 2023-08-28 14:02:29,588: DecisionTreeRegressor - RMSE: 0.67 - MAE: 0.44 - R2 Score: 0.55
INFO: 2023-08-28 14:02:29,591: 'DecisionTreeRegressor()' saved to 'saved_models\DecisionTreeRegressor'
INFO: 2023-08-28 14:17:02,097: Successfully read winequality-red.csv, shape (1599, 12)
INFO: 2023-08-28 14:17:02,150: SVR - RMSE: 0.91 - MAE: 0.69 - R2 Score: 0.17
INFO: 2023-08-28 14:17:02,156: 'SVR()' saved to 'saved_models\SVR'
INFO: 2023-08-28 14:17:02,378: GradientBoostingRegressor - RMSE: 0.49 - MAE: 0.37 - R2 Score: 0.76
INFO: 2023-08-28 14:17:02,383: 'GradientBoostingRegressor()' saved to 'saved_models\GradientBoostingRegressor'
INFO: 2023-08-28 14:17:02,387: Ridge - RMSE: 0.82 - MAE: 0.64 - R2 Score: 0.34
INFO: 2023-08-28 14:17:02,389: 'Ridge()' saved to 'saved_models\Ridge'
INFO: 2023-08-28 14:17:02,393: Lasso - RMSE: 1.00 - MAE: 0.82 - R2 Score: 0.01
INFO: 2023-08-28 14:17:02,395: 'Lasso()' saved to 'saved_models\Lasso'
INFO: 2023-08-28 14:17:02,411: DecisionTreeRegressor - RMSE: 0.65 - MAE: 0.41 - R2 Score: 0.58
INFO: 2023-08-28 14:17:02,414: 'DecisionTreeRegressor()' saved to 'saved_models\DecisionTreeRegressor'
INFO: 2023-08-28 14:18:33,897: Successfully read winequality-red.csv, shape (1599, 12)
INFO: 2023-08-28 14:18:33,951: SVR - RMSE: 0.91 - MAE: 0.69 - R2 Score: 0.17
INFO: 2023-08-28 14:18:33,955: 'SVR()' saved to 'saved_models\SVR'
INFO: 2023-08-28 14:18:34,180: GradientBoostingRegressor - RMSE: 0.49 - MAE: 0.37 - R2 Score: 0.76
INFO: 2023-08-28 14:18:34,184: 'GradientBoostingRegressor()' saved to 'saved_models\GradientBoostingRegressor'
INFO: 2023-08-28 14:18:34,188: Ridge - RMSE: 0.82 - MAE: 0.64 - R2 Score: 0.34
INFO: 2023-08-28 14:18:34,190: 'Ridge()' saved to 'saved_models\Ridge'
INFO: 2023-08-28 14:18:34,193: Lasso - RMSE: 1.00 - MAE: 0.82 - R2 Score: 0.01
INFO: 2023-08-28 14:18:34,196: 'Lasso()' saved to 'saved_models\Lasso'
INFO: 2023-08-28 14:18:34,212: DecisionTreeRegressor - RMSE: 0.68 - MAE: 0.43 - R2 Score: 0.54
INFO: 2023-08-28 14:18:34,215: 'DecisionTreeRegressor()' saved to 'saved_models\DecisionTreeRegressor'
INFO: 2023-08-28 14:20:40,572: Successfully read winequality-red.csv, shape (1599, 12)
INFO: 2023-08-28 14:20:40,629: SVR - RMSE: 0.91 - MAE: 0.69 - R2 Score: 0.17
INFO: 2023-08-28 14:20:40,633: 'SVR()' saved to 'saved_models\SVR'
INFO: 2023-08-28 14:20:40,749: GradientBoostingRegressor - RMSE: 0.53 - MAE: 0.41 - R2 Score: 0.72
INFO: 2023-08-28 14:20:40,754: 'GradientBoostingRegressor(n_estimators=50)' saved to 'saved_models\GradientBoostingRegressor'
INFO: 2023-08-28 14:20:40,757: Ridge - RMSE: 0.82 - MAE: 0.64 - R2 Score: 0.34
INFO: 2023-08-28 14:20:40,761: 'Ridge()' saved to 'saved_models\Ridge'
INFO: 2023-08-28 14:20:40,764: Lasso - RMSE: 1.00 - MAE: 0.82 - R2 Score: 0.01
INFO: 2023-08-28 14:20:40,767: 'Lasso()' saved to 'saved_models\Lasso'
INFO: 2023-08-28 14:20:40,783: DecisionTreeRegressor - RMSE: 0.67 - MAE: 0.43 - R2 Score: 0.55
INFO: 2023-08-28 14:20:40,787: 'DecisionTreeRegressor()' saved to 'saved_models\DecisionTreeRegressor'
INFO: 2023-08-28 14:21:56,945: Successfully read winequality-red.csv, shape (1599, 12)
INFO: 2023-08-28 14:21:56,998: SVR - RMSE: 0.91 - MAE: 0.69 - R2 Score: 0.17
INFO: 2023-08-28 14:21:57,001: 'SVR()' saved to 'saved_models\SVR'
INFO: 2023-08-28 14:21:57,125: GradientBoostingRegressor - RMSE: 0.53 - MAE: 0.41 - R2 Score: 0.72
INFO: 2023-08-28 14:21:57,129: 'GradientBoostingRegressor(n_estimators=50)' saved to 'saved_models\GradientBoostingRegressor'
INFO: 2023-08-28 14:21:57,133: Ridge - RMSE: 0.82 - MAE: 0.64 - R2 Score: 0.34
INFO: 2023-08-28 14:21:57,137: 'Ridge()' saved to 'saved_models\Ridge'
INFO: 2023-08-28 14:21:57,140: Lasso - RMSE: 1.00 - MAE: 0.82 - R2 Score: 0.01
INFO: 2023-08-28 14:21:57,142: 'Lasso()' saved to 'saved_models\Lasso'
INFO: 2023-08-28 14:21:57,159: DecisionTreeRegressor - RMSE: 0.67 - MAE: 0.43 - R2 Score: 0.56
INFO: 2023-08-28 14:21:57,163: 'DecisionTreeRegressor()' saved to 'saved_models\DecisionTreeRegressor'
INFO: 2023-08-28 14:34:25,920: Successfully read winequality-red.csv, shape (1599, 12)
INFO: 2023-08-28 14:34:25,992: SVR - RMSE: 0.91 - MAE: 0.69 - R2 Score: 0.17
INFO: 2023-08-28 14:34:25,997: 'SVR()' saved to 'saved_models\SVR'
INFO: 2023-08-28 14:34:26,109: GradientBoostingRegressor - RMSE: 0.53 - MAE: 0.41 - R2 Score: 0.72
INFO: 2023-08-28 14:34:26,113: 'GradientBoostingRegressor(n_estimators=50)' saved to 'saved_models\GradientBoostingRegressor'
INFO: 2023-08-28 14:34:26,116: Ridge - RMSE: 0.82 - MAE: 0.64 - R2 Score: 0.34
INFO: 2023-08-28 14:34:26,119: 'Ridge()' saved to 'saved_models\Ridge'
INFO: 2023-08-28 14:34:26,122: Lasso - RMSE: 1.00 - MAE: 0.82 - R2 Score: 0.01
INFO: 2023-08-28 14:34:26,127: 'Lasso()' saved to 'saved_models\Lasso'
INFO: 2023-08-28 14:34:26,146: DecisionTreeRegressor - RMSE: 0.67 - MAE: 0.43 - R2 Score: 0.56
INFO: 2023-08-28 14:34:26,150: 'DecisionTreeRegressor()' saved to 'saved_models\DecisionTreeRegressor'
INFO: 2023-08-28 14:44:41,950: Successfully read winequality-red.csv, shape (1599, 12)
INFO: 2023-08-28 14:44:42,001: SVR - RMSE: 0.91 - MAE: 0.69 - R2 Score: 0.17
INFO: 2023-08-28 14:45:52,139: Successfully read winequality-red.csv, shape (1599, 12)
INFO: 2023-08-28 14:45:52,191: SVR - RMSE: 0.91 - MAE: 0.69 - R2 Score: 0.17
INFO: 2023-08-28 14:47:00,711: Successfully read winequality-red.csv, shape (1599, 12)
INFO: 2023-08-28 14:47:00,762: SVR - RMSE: 0.91 - MAE: 0.69 - R2 Score: 0.17
INFO: 2023-08-28 14:48:10,580: Successfully read winequality-red.csv, shape (1599, 12)
INFO: 2023-08-28 14:48:10,630: SVR - RMSE: 0.91 - MAE: 0.69 - R2 Score: 0.17
INFO: 2023-08-28 14:50:53,858: Successfully read winequality-red.csv, shape (1599, 12)
INFO: 2023-08-28 14:50:53,911: SVR - RMSE: 0.91 - MAE: 0.69 - R2 Score: 0.17
INFO: 2023-08-28 14:52:06,605: Successfully read winequality-red.csv, shape (1599, 12)
INFO: 2023-08-28 14:52:06,656: SVR - RMSE: 0.91 - MAE: 0.69 - R2 Score: 0.17
INFO: 2023-08-28 14:53:04,953: Successfully read winequality-red.csv, shape (1599, 12)
INFO: 2023-08-28 14:53:05,006: SVR - RMSE: 0.91 - MAE: 0.69 - R2 Score: 0.17
INFO: 2023-08-28 14:54:43,568: Successfully read winequality-red.csv, shape (1599, 12)
INFO: 2023-08-28 14:54:43,620: SVR - RMSE: 0.91 - MAE: 0.69 - R2 Score: 0.17
INFO: 2023-08-28 14:55:15,663: Successfully read winequality-red.csv, shape (1599, 12)
INFO: 2023-08-28 14:55:15,715: SVR - RMSE: 0.91 - MAE: 0.69 - R2 Score: 0.17
INFO: 2023-08-28 14:56:11,953: Successfully read winequality-red.csv, shape (1599, 12)
INFO: 2023-08-28 14:56:12,006: SVR - RMSE: 0.91 - MAE: 0.69 - R2 Score: 0.17
INFO: 2023-08-28 15:30:13,752: Successfully read winequality-red.csv, shape (1599, 12)
INFO: 2023-08-28 15:30:13,808: SVR - RMSE: 0.91 - MAE: 0.69 - R2 Score: 0.17
INFO: 2023-08-28 15:32:37,218: Successfully read winequality-red.csv, shape (1599, 12)
INFO: 2023-08-28 15:32:37,270: SVR - RMSE: 0.91 - MAE: 0.69 - R2 Score: 0.17
INFO: 2023-08-28 15:32:37,278: 'SVR()' saved to 'saved_models\SVR'
INFO: 2023-08-28 15:32:37,390: GradientBoostingRegressor - RMSE: 0.53 - MAE: 0.41 - R2 Score: 0.72
INFO: 2023-08-28 15:32:37,396: 'GradientBoostingRegressor(n_estimators=50)' saved to 'saved_models\GradientBoostingRegressor'
INFO: 2023-08-28 15:32:37,400: Ridge - RMSE: 0.82 - MAE: 0.64 - R2 Score: 0.34
INFO: 2023-08-28 15:32:37,406: 'Ridge()' saved to 'saved_models\Ridge'
INFO: 2023-08-28 15:32:37,409: Lasso - RMSE: 1.00 - MAE: 0.82 - R2 Score: 0.01
INFO: 2023-08-28 15:32:37,415: 'Lasso()' saved to 'saved_models\Lasso'
INFO: 2023-08-28 15:32:37,431: DecisionTreeRegressor - RMSE: 0.67 - MAE: 0.43 - R2 Score: 0.55
INFO: 2023-08-28 15:32:37,437: 'DecisionTreeRegressor()' saved to 'saved_models\DecisionTreeRegressor'
INFO: 2023-08-28 15:33:26,550: Successfully read winequality-red.csv, shape (1599, 12)
INFO: 2023-08-28 15:33:26,600: SVR - RMSE: 0.91 - MAE: 0.69 - R2 Score: 0.17
INFO: 2023-08-28 15:33:26,607: 'SVR()' saved to 'saved_models\SVR'
INFO: 2023-08-28 15:33:26,720: GradientBoostingRegressor - RMSE: 0.53 - MAE: 0.41 - R2 Score: 0.72
INFO: 2023-08-28 15:33:26,727: 'GradientBoostingRegressor(n_estimators=50)' saved to 'saved_models\GradientBoostingRegressor'
INFO: 2023-08-28 15:33:26,731: Ridge - RMSE: 0.82 - MAE: 0.64 - R2 Score: 0.34
INFO: 2023-08-28 15:33:26,735: 'Ridge()' saved to 'saved_models\Ridge'
INFO: 2023-08-28 15:33:26,738: Lasso - RMSE: 1.00 - MAE: 0.82 - R2 Score: 0.01
INFO: 2023-08-28 15:33:26,745: 'Lasso()' saved to 'saved_models\Lasso'
INFO: 2023-08-28 15:33:26,762: DecisionTreeRegressor - RMSE: 0.66 - MAE: 0.43 - R2 Score: 0.56
INFO: 2023-08-28 15:33:26,769: 'DecisionTreeRegressor()' saved to 'saved_models\DecisionTreeRegressor'
INFO: 2023-08-28 15:33:56,735: Successfully read winequality-red.csv, shape (1599, 12)
INFO: 2023-08-28 15:33:56,791: SVR - RMSE: 0.91 - MAE: 0.69 - R2 Score: 0.17
INFO: 2023-08-28 15:33:56,799: 'SVR()' saved to 'saved_models\SVR'
INFO: 2023-08-28 15:33:56,913: GradientBoostingRegressor - RMSE: 0.53 - MAE: 0.41 - R2 Score: 0.72
INFO: 2023-08-28 15:33:56,920: 'GradientBoostingRegressor(n_estimators=50)' saved to 'saved_models\GradientBoostingRegressor'
INFO: 2023-08-28 15:33:56,924: Ridge - RMSE: 0.82 - MAE: 0.64 - R2 Score: 0.34
INFO: 2023-08-28 15:33:56,930: 'Ridge()' saved to 'saved_models\Ridge'
INFO: 2023-08-28 15:33:56,933: Lasso - RMSE: 1.00 - MAE: 0.82 - R2 Score: 0.01
INFO: 2023-08-28 15:33:56,938: 'Lasso()' saved to 'saved_models\Lasso'
INFO: 2023-08-28 15:33:56,954: DecisionTreeRegressor - RMSE: 0.67 - MAE: 0.43 - R2 Score: 0.55
INFO: 2023-08-28 15:33:56,959: 'DecisionTreeRegressor()' saved to 'saved_models\DecisionTreeRegressor'
INFO: 2023-08-28 15:34:59,881: Successfully read winequality-red.csv, shape (1599, 12)
INFO: 2023-08-28 15:34:59,935: SVR - RMSE: 0.91 - MAE: 0.69 - R2 Score: 0.17
INFO: 2023-08-28 15:34:59,943: 'SVR()' saved to 'saved_models\SVR'
INFO: 2023-08-28 15:35:00,058: GradientBoostingRegressor - RMSE: 0.53 - MAE: 0.41 - R2 Score: 0.72
INFO: 2023-08-28 15:35:00,064: 'GradientBoostingRegressor(n_estimators=50)' saved to 'saved_models\GradientBoostingRegressor'
INFO: 2023-08-28 15:35:00,068: Ridge - RMSE: 0.82 - MAE: 0.64 - R2 Score: 0.34
INFO: 2023-08-28 15:35:00,074: 'Ridge()' saved to 'saved_models\Ridge'
INFO: 2023-08-28 15:35:00,077: Lasso - RMSE: 1.00 - MAE: 0.82 - R2 Score: 0.01
INFO: 2023-08-28 15:35:00,082: 'Lasso()' saved to 'saved_models\Lasso'
INFO: 2023-08-28 15:35:00,108: DecisionTreeRegressor - RMSE: 0.67 - MAE: 0.43 - R2 Score: 0.56
INFO: 2023-08-28 15:35:00,114: 'DecisionTreeRegressor()' saved to 'saved_models\DecisionTreeRegressor'
INFO: 2023-08-28 15:37:14,452: Successfully read winequality-red.csv, shape (1599, 12)
INFO: 2023-08-28 15:37:14,504: SVR - RMSE: 0.91 - MAE: 0.69 - R2 Score: 0.17
INFO: 2023-08-28 15:37:14,511: 'SVR()' saved to 'saved_models\SVR'
INFO: 2023-08-28 15:37:14,623: GradientBoostingRegressor - RMSE: 0.53 - MAE: 0.41 - R2 Score: 0.72
INFO: 2023-08-28 15:37:14,630: 'GradientBoostingRegressor(n_estimators=50)' saved to 'saved_models\GradientBoostingRegressor'
INFO: 2023-08-28 15:37:14,635: Ridge - RMSE: 0.82 - MAE: 0.64 - R2 Score: 0.34
INFO: 2023-08-28 15:37:14,640: 'Ridge()' saved to 'saved_models\Ridge'
INFO: 2023-08-28 15:37:14,644: Lasso - RMSE: 1.00 - MAE: 0.82 - R2 Score: 0.01
INFO: 2023-08-28 15:37:14,650: 'Lasso()' saved to 'saved_models\Lasso'
INFO: 2023-08-28 15:37:14,666: DecisionTreeRegressor - RMSE: 0.67 - MAE: 0.44 - R2 Score: 0.55
INFO: 2023-08-28 15:37:14,673: 'DecisionTreeRegressor()' saved to 'saved_models\DecisionTreeRegressor'
INFO: 2023-08-28 15:38:03,073: Successfully read winequality-red.csv, shape (1599, 12)
INFO: 2023-08-28 15:38:03,126: SVR - RMSE: 0.91 - MAE: 0.69 - R2 Score: 0.17
ERROR: 2023-08-28 15:38:03,130: Unable to save metrics or parameters. Error: Expecting value: line 1 column 1 (char 0)
INFO: 2023-08-28 15:38:03,131: 'SVR()' saved to 'saved_models\SVR'
INFO: 2023-08-28 15:38:03,248: GradientBoostingRegressor - RMSE: 0.53 - MAE: 0.41 - R2 Score: 0.72
ERROR: 2023-08-28 15:38:03,251: Unable to save metrics or parameters. Error: Expecting value: line 1 column 1 (char 0)
INFO: 2023-08-28 15:38:03,253: 'GradientBoostingRegressor(n_estimators=50)' saved to 'saved_models\GradientBoostingRegressor'
INFO: 2023-08-28 15:38:03,257: Ridge - RMSE: 0.82 - MAE: 0.64 - R2 Score: 0.34
ERROR: 2023-08-28 15:38:03,260: Unable to save metrics or parameters. Error: Expecting value: line 1 column 1 (char 0)
INFO: 2023-08-28 15:38:03,261: 'Ridge()' saved to 'saved_models\Ridge'
INFO: 2023-08-28 15:38:03,264: Lasso - RMSE: 1.00 - MAE: 0.82 - R2 Score: 0.01
ERROR: 2023-08-28 15:38:03,267: Unable to save metrics or parameters. Error: Expecting value: line 1 column 1 (char 0)
INFO: 2023-08-28 15:38:03,268: 'Lasso()' saved to 'saved_models\Lasso'
INFO: 2023-08-28 15:38:03,284: DecisionTreeRegressor - RMSE: 0.68 - MAE: 0.44 - R2 Score: 0.54
ERROR: 2023-08-28 15:38:03,290: Unable to save metrics or parameters. Error: Expecting value: line 1 column 1 (char 0)
INFO: 2023-08-28 15:38:03,291: 'DecisionTreeRegressor()' saved to 'saved_models\DecisionTreeRegressor'
INFO: 2023-08-28 15:40:08,451: Successfully read winequality-red.csv, shape (1599, 12)
INFO: 2023-08-28 15:40:08,515: SVR - RMSE: 0.91 - MAE: 0.69 - R2 Score: 0.17
ERROR: 2023-08-28 15:40:08,519: Unable to save metrics or parameters. Error: Expecting value: line 1 column 1 (char 0)
INFO: 2023-08-28 15:40:08,520: 'SVR()' saved to 'saved_models\SVR'
INFO: 2023-08-28 15:40:08,632: GradientBoostingRegressor - RMSE: 0.53 - MAE: 0.41 - R2 Score: 0.72
ERROR: 2023-08-28 15:40:08,636: Unable to save metrics or parameters. Error: Expecting value: line 1 column 1 (char 0)
INFO: 2023-08-28 15:40:08,638: 'GradientBoostingRegressor(n_estimators=50)' saved to 'saved_models\GradientBoostingRegressor'
INFO: 2023-08-28 15:40:08,641: Ridge - RMSE: 0.82 - MAE: 0.64 - R2 Score: 0.34
ERROR: 2023-08-28 15:40:08,645: Unable to save metrics or parameters. Error: Expecting value: line 1 column 1 (char 0)
INFO: 2023-08-28 15:40:08,645: 'Ridge()' saved to 'saved_models\Ridge'
INFO: 2023-08-28 15:40:08,649: Lasso - RMSE: 1.00 - MAE: 0.82 - R2 Score: 0.01
ERROR: 2023-08-28 15:40:08,652: Unable to save metrics or parameters. Error: Expecting value: line 1 column 1 (char 0)
INFO: 2023-08-28 15:40:08,653: 'Lasso()' saved to 'saved_models\Lasso'
INFO: 2023-08-28 15:40:08,670: DecisionTreeRegressor - RMSE: 0.68 - MAE: 0.44 - R2 Score: 0.55
ERROR: 2023-08-28 15:40:08,674: Unable to save metrics or parameters. Error: Expecting value: line 1 column 1 (char 0)
INFO: 2023-08-28 15:40:08,675: 'DecisionTreeRegressor()' saved to 'saved_models\DecisionTreeRegressor'
INFO: 2023-08-28 15:44:30,201: Successfully read winequality-red.csv, shape (1599, 12)
INFO: 2023-08-28 15:44:30,275: SVR - RMSE: 0.91 - MAE: 0.69 - R2 Score: 0.17
ERROR: 2023-08-28 15:44:30,279: Unable to save metrics or parameters. Error: Expecting value: line 1 column 1 (char 0)
INFO: 2023-08-28 15:44:30,281: 'SVR()' saved to 'saved_models\SVR'
INFO: 2023-08-28 15:44:30,393: GradientBoostingRegressor - RMSE: 0.53 - MAE: 0.41 - R2 Score: 0.72
ERROR: 2023-08-28 15:44:30,397: Unable to save metrics or parameters. Error: Expecting value: line 1 column 1 (char 0)
INFO: 2023-08-28 15:44:30,398: 'GradientBoostingRegressor(n_estimators=50)' saved to 'saved_models\GradientBoostingRegressor'
INFO: 2023-08-28 15:44:30,402: Ridge - RMSE: 0.82 - MAE: 0.64 - R2 Score: 0.34
ERROR: 2023-08-28 15:44:30,406: Unable to save metrics or parameters. Error: Expecting value: line 1 column 1 (char 0)
INFO: 2023-08-28 15:44:30,407: 'Ridge()' saved to 'saved_models\Ridge'
INFO: 2023-08-28 15:44:30,410: Lasso - RMSE: 1.00 - MAE: 0.82 - R2 Score: 0.01
ERROR: 2023-08-28 15:44:30,413: Unable to save metrics or parameters. Error: Expecting value: line 1 column 1 (char 0)
INFO: 2023-08-28 15:44:30,414: 'Lasso()' saved to 'saved_models\Lasso'
INFO: 2023-08-28 15:44:30,432: DecisionTreeRegressor - RMSE: 0.67 - MAE: 0.43 - R2 Score: 0.56
ERROR: 2023-08-28 15:44:30,437: Unable to save metrics or parameters. Error: Expecting value: line 1 column 1 (char 0)
INFO: 2023-08-28 15:44:30,438: 'DecisionTreeRegressor()' saved to 'saved_models\DecisionTreeRegressor'
INFO: 2023-08-28 15:45:19,717: Successfully read winequality-red.csv, shape (1599, 12)
INFO: 2023-08-28 15:45:19,769: SVR - RMSE: 0.91 - MAE: 0.69 - R2 Score: 0.17
ERROR: 2023-08-28 15:45:19,773: Unable to save metrics or parameters. Error: Expecting value: line 1 column 1 (char 0)
INFO: 2023-08-28 15:45:19,774: 'SVR()' saved to 'saved_models\SVR'
INFO: 2023-08-28 15:45:19,888: GradientBoostingRegressor - RMSE: 0.53 - MAE: 0.41 - R2 Score: 0.73
ERROR: 2023-08-28 15:45:19,893: Unable to save metrics or parameters. Error: Expecting value: line 1 column 1 (char 0)
INFO: 2023-08-28 15:45:19,894: 'GradientBoostingRegressor(n_estimators=50)' saved to 'saved_models\GradientBoostingRegressor'
INFO: 2023-08-28 15:45:19,898: Ridge - RMSE: 0.82 - MAE: 0.64 - R2 Score: 0.34
ERROR: 2023-08-28 15:45:19,902: Unable to save metrics or parameters. Error: Expecting value: line 1 column 1 (char 0)
INFO: 2023-08-28 15:45:19,903: 'Ridge()' saved to 'saved_models\Ridge'
INFO: 2023-08-28 15:45:19,907: Lasso - RMSE: 1.00 - MAE: 0.82 - R2 Score: 0.01
ERROR: 2023-08-28 15:45:19,910: Unable to save metrics or parameters. Error: Expecting value: line 1 column 1 (char 0)
INFO: 2023-08-28 15:45:19,910: 'Lasso()' saved to 'saved_models\Lasso'
INFO: 2023-08-28 15:45:19,927: DecisionTreeRegressor - RMSE: 0.65 - MAE: 0.42 - R2 Score: 0.58
ERROR: 2023-08-28 15:45:19,932: Unable to save metrics or parameters. Error: Expecting value: line 1 column 1 (char 0)
INFO: 2023-08-28 15:45:19,933: 'DecisionTreeRegressor()' saved to 'saved_models\DecisionTreeRegressor'
INFO: 2023-08-28 15:46:11,811: Successfully read winequality-red.csv, shape (1599, 12)
INFO: 2023-08-28 15:46:11,863: SVR - RMSE: 0.91 - MAE: 0.69 - R2 Score: 0.17
ERROR: 2023-08-28 15:46:11,868: Unable to save metrics or parameters. Error: Expecting value: line 1 column 1 (char 0)
INFO: 2023-08-28 15:46:11,869: 'SVR()' saved to 'saved_models\SVR'
INFO: 2023-08-28 15:46:11,984: GradientBoostingRegressor - RMSE: 0.53 - MAE: 0.41 - R2 Score: 0.72
ERROR: 2023-08-28 15:46:11,988: Unable to save metrics or parameters. Error: Expecting value: line 1 column 1 (char 0)
INFO: 2023-08-28 15:46:11,990: 'GradientBoostingRegressor(n_estimators=50)' saved to 'saved_models\GradientBoostingRegressor'
INFO: 2023-08-28 15:46:11,994: Ridge - RMSE: 0.82 - MAE: 0.64 - R2 Score: 0.34
ERROR: 2023-08-28 15:46:11,997: Unable to save metrics or parameters. Error: Expecting value: line 1 column 1 (char 0)
INFO: 2023-08-28 15:46:11,998: 'Ridge()' saved to 'saved_models\Ridge'
INFO: 2023-08-28 15:46:12,001: Lasso - RMSE: 1.00 - MAE: 0.82 - R2 Score: 0.01
ERROR: 2023-08-28 15:46:12,005: Unable to save metrics or parameters. Error: Expecting value: line 1 column 1 (char 0)
INFO: 2023-08-28 15:46:12,005: 'Lasso()' saved to 'saved_models\Lasso'
INFO: 2023-08-28 15:46:12,022: DecisionTreeRegressor - RMSE: 0.68 - MAE: 0.44 - R2 Score: 0.54
ERROR: 2023-08-28 15:46:12,026: Unable to save metrics or parameters. Error: Expecting value: line 1 column 1 (char 0)
INFO: 2023-08-28 15:46:12,027: 'DecisionTreeRegressor()' saved to 'saved_models\DecisionTreeRegressor'
INFO: 2023-08-28 15:47:18,079: Successfully read winequality-red.csv, shape (1599, 12)
INFO: 2023-08-28 15:47:18,135: SVR - RMSE: 0.91 - MAE: 0.69 - R2 Score: 0.17
ERROR: 2023-08-28 15:47:18,140: Unable to save metrics or parameters. Error: Expecting value: line 1 column 1 (char 0)
INFO: 2023-08-28 15:47:18,142: 'SVR()' saved to 'saved_models\SVR'
INFO: 2023-08-28 15:47:18,256: GradientBoostingRegressor - RMSE: 0.53 - MAE: 0.41 - R2 Score: 0.72
ERROR: 2023-08-28 15:47:18,260: Unable to save metrics or parameters. Error: Expecting value: line 1 column 1 (char 0)
INFO: 2023-08-28 15:47:18,261: 'GradientBoostingRegressor(n_estimators=50)' saved to 'saved_models\GradientBoostingRegressor'
INFO: 2023-08-28 15:47:18,265: Ridge - RMSE: 0.82 - MAE: 0.64 - R2 Score: 0.34
ERROR: 2023-08-28 15:47:18,268: Unable to save metrics or parameters. Error: Expecting value: line 1 column 1 (char 0)
INFO: 2023-08-28 15:47:18,270: 'Ridge()' saved to 'saved_models\Ridge'
INFO: 2023-08-28 15:47:18,273: Lasso - RMSE: 1.00 - MAE: 0.82 - R2 Score: 0.01
ERROR: 2023-08-28 15:47:18,276: Unable to save metrics or parameters. Error: Expecting value: line 1 column 1 (char 0)
INFO: 2023-08-28 15:47:18,277: 'Lasso()' saved to 'saved_models\Lasso'
INFO: 2023-08-28 15:47:18,293: DecisionTreeRegressor - RMSE: 0.68 - MAE: 0.44 - R2 Score: 0.54
ERROR: 2023-08-28 15:47:18,297: Unable to save metrics or parameters. Error: Expecting value: line 1 column 1 (char 0)
INFO: 2023-08-28 15:47:18,298: 'DecisionTreeRegressor()' saved to 'saved_models\DecisionTreeRegressor'
INFO: 2023-08-28 15:48:23,044: Successfully read winequality-red.csv, shape (1599, 12)
INFO: 2023-08-28 15:48:23,094: SVR - RMSE: 0.91 - MAE: 0.69 - R2 Score: 0.17
INFO: 2023-08-28 15:48:23,099: 'SVR()' saved to 'saved_models\SVR'
INFO: 2023-08-28 15:48:23,216: GradientBoostingRegressor - RMSE: 0.53 - MAE: 0.41 - R2 Score: 0.72
INFO: 2023-08-28 15:48:23,221: 'GradientBoostingRegressor(n_estimators=50)' saved to 'saved_models\GradientBoostingRegressor'
INFO: 2023-08-28 15:48:23,225: Ridge - RMSE: 0.82 - MAE: 0.64 - R2 Score: 0.34
INFO: 2023-08-28 15:48:23,228: 'Ridge()' saved to 'saved_models\Ridge'
INFO: 2023-08-28 15:48:23,232: Lasso - RMSE: 1.00 - MAE: 0.82 - R2 Score: 0.01
INFO: 2023-08-28 15:48:23,235: 'Lasso()' saved to 'saved_models\Lasso'
INFO: 2023-08-28 15:48:23,253: DecisionTreeRegressor - RMSE: 0.65 - MAE: 0.42 - R2 Score: 0.58
INFO: 2023-08-28 15:48:23,256: 'DecisionTreeRegressor()' saved to 'saved_models\DecisionTreeRegressor'
INFO: 2023-08-28 15:49:31,366: Successfully read winequality-red.csv, shape (1599, 12)
INFO: 2023-08-28 15:49:31,418: SVR - RMSE: 0.91 - MAE: 0.69 - R2 Score: 0.17
ERROR: 2023-08-28 15:49:31,422: Unable to save metrics or parameters. Error: Expecting value: line 1 column 1 (char 0)
INFO: 2023-08-28 15:49:31,423: 'SVR()' saved to 'saved_models\SVR'
INFO: 2023-08-28 15:49:31,537: GradientBoostingRegressor - RMSE: 0.53 - MAE: 0.41 - R2 Score: 0.72
ERROR: 2023-08-28 15:49:31,541: Unable to save metrics or parameters. Error: Expecting value: line 1 column 1 (char 0)
INFO: 2023-08-28 15:49:31,542: 'GradientBoostingRegressor(n_estimators=50)' saved to 'saved_models\GradientBoostingRegressor'
INFO: 2023-08-28 15:49:31,545: Ridge - RMSE: 0.82 - MAE: 0.64 - R2 Score: 0.34
ERROR: 2023-08-28 15:49:31,549: Unable to save metrics or parameters. Error: Expecting value: line 1 column 1 (char 0)
INFO: 2023-08-28 15:49:31,549: 'Ridge()' saved to 'saved_models\Ridge'
INFO: 2023-08-28 15:49:31,553: Lasso - RMSE: 1.00 - MAE: 0.82 - R2 Score: 0.01
ERROR: 2023-08-28 15:49:31,557: Unable to save metrics or parameters. Error: Expecting value: line 1 column 1 (char 0)
INFO: 2023-08-28 15:49:31,558: 'Lasso()' saved to 'saved_models\Lasso'
INFO: 2023-08-28 15:49:31,575: DecisionTreeRegressor - RMSE: 0.66 - MAE: 0.43 - R2 Score: 0.57
ERROR: 2023-08-28 15:49:31,578: Unable to save metrics or parameters. Error: Expecting value: line 1 column 1 (char 0)
INFO: 2023-08-28 15:49:31,579: 'DecisionTreeRegressor()' saved to 'saved_models\DecisionTreeRegressor'
INFO: 2023-08-28 16:00:10,004: Successfully read winequality-red.csv, shape (1599, 12)
INFO: 2023-08-28 16:00:10,062: SVR - RMSE: 0.91 - MAE: 0.69 - R2 Score: 0.17
ERROR: 2023-08-28 16:00:10,066: Unable to save metrics or parameters. Error: Expecting value: line 1 column 1 (char 0)
INFO: 2023-08-28 16:00:10,068: 'SVR()' saved to 'saved_models\SVR'
INFO: 2023-08-28 16:00:10,181: GradientBoostingRegressor - RMSE: 0.53 - MAE: 0.41 - R2 Score: 0.72
ERROR: 2023-08-28 16:00:10,185: Unable to save metrics or parameters. Error: Expecting value: line 1 column 1 (char 0)
INFO: 2023-08-28 16:00:10,187: 'GradientBoostingRegressor(n_estimators=50)' saved to 'saved_models\GradientBoostingRegressor'
INFO: 2023-08-28 16:00:10,190: Ridge - RMSE: 0.82 - MAE: 0.64 - R2 Score: 0.34
ERROR: 2023-08-28 16:00:10,194: Unable to save metrics or parameters. Error: Expecting value: line 1 column 1 (char 0)
INFO: 2023-08-28 16:00:10,195: 'Ridge()' saved to 'saved_models\Ridge'
INFO: 2023-08-28 16:00:10,199: Lasso - RMSE: 1.00 - MAE: 0.82 - R2 Score: 0.01
ERROR: 2023-08-28 16:00:10,202: Unable to save metrics or parameters. Error: Expecting value: line 1 column 1 (char 0)
INFO: 2023-08-28 16:00:10,203: 'Lasso()' saved to 'saved_models\Lasso'
INFO: 2023-08-28 16:00:10,218: DecisionTreeRegressor - RMSE: 0.68 - MAE: 0.44 - R2 Score: 0.55
ERROR: 2023-08-28 16:00:10,222: Unable to save metrics or parameters. Error: Expecting value: line 1 column 1 (char 0)
INFO: 2023-08-28 16:00:10,223: 'DecisionTreeRegressor()' saved to 'saved_models\DecisionTreeRegressor'
INFO: 2023-08-28 16:01:50,189: Successfully read winequality-red.csv, shape (1599, 12)
INFO: 2023-08-28 16:01:50,249: SVR - RMSE: 0.91 - MAE: 0.69 - R2 Score: 0.17
ERROR: 2023-08-28 16:01:50,253: Unable to save metrics or parameters. Error: Expecting value: line 1 column 1 (char 0)
INFO: 2023-08-28 16:01:50,254: 'SVR()' saved to 'saved_models\SVR'
INFO: 2023-08-28 16:01:50,368: GradientBoostingRegressor - RMSE: 0.53 - MAE: 0.41 - R2 Score: 0.72
ERROR: 2023-08-28 16:01:50,371: Unable to save metrics or parameters. Error: Expecting value: line 1 column 1 (char 0)
INFO: 2023-08-28 16:01:50,372: 'GradientBoostingRegressor(n_estimators=50)' saved to 'saved_models\GradientBoostingRegressor'
INFO: 2023-08-28 16:01:50,377: Ridge - RMSE: 0.82 - MAE: 0.64 - R2 Score: 0.34
ERROR: 2023-08-28 16:01:50,379: Unable to save metrics or parameters. Error: Expecting value: line 1 column 1 (char 0)
INFO: 2023-08-28 16:01:50,379: 'Ridge()' saved to 'saved_models\Ridge'
INFO: 2023-08-28 16:01:50,384: Lasso - RMSE: 1.00 - MAE: 0.82 - R2 Score: 0.01
ERROR: 2023-08-28 16:01:50,387: Unable to save metrics or parameters. Error: Expecting value: line 1 column 1 (char 0)
INFO: 2023-08-28 16:01:50,387: 'Lasso()' saved to 'saved_models\Lasso'
INFO: 2023-08-28 16:01:50,403: DecisionTreeRegressor - RMSE: 0.68 - MAE: 0.43 - R2 Score: 0.55
ERROR: 2023-08-28 16:01:50,407: Unable to save metrics or parameters. Error: Expecting value: line 1 column 1 (char 0)
INFO: 2023-08-28 16:01:50,408: 'DecisionTreeRegressor()' saved to 'saved_models\DecisionTreeRegressor'
INFO: 2023-08-28 16:02:13,490: Successfully read winequality-red.csv, shape (1599, 12)
INFO: 2023-08-28 16:02:13,545: SVR - RMSE: 0.91 - MAE: 0.69 - R2 Score: 0.17
INFO: 2023-08-28 16:02:13,553: 'SVR()' saved to 'saved_models\SVR'
INFO: 2023-08-28 16:02:13,667: GradientBoostingRegressor - RMSE: 0.53 - MAE: 0.41 - R2 Score: 0.72
ERROR: 2023-08-28 16:02:13,671: Unable to save metrics or parameters. Error: Expecting value: line 1 column 1 (char 0)
INFO: 2023-08-28 16:02:13,672: 'GradientBoostingRegressor(n_estimators=50)' saved to 'saved_models\GradientBoostingRegressor'
INFO: 2023-08-28 16:02:13,675: Ridge - RMSE: 0.82 - MAE: 0.64 - R2 Score: 0.34
ERROR: 2023-08-28 16:02:13,679: Unable to save metrics or parameters. Error: Expecting value: line 1 column 1 (char 0)
INFO: 2023-08-28 16:02:13,679: 'Ridge()' saved to 'saved_models\Ridge'
INFO: 2023-08-28 16:02:13,683: Lasso - RMSE: 1.00 - MAE: 0.82 - R2 Score: 0.01
ERROR: 2023-08-28 16:02:13,685: Unable to save metrics or parameters. Error: Expecting value: line 1 column 1 (char 0)
INFO: 2023-08-28 16:02:13,686: 'Lasso()' saved to 'saved_models\Lasso'
INFO: 2023-08-28 16:02:13,703: DecisionTreeRegressor - RMSE: 0.67 - MAE: 0.43 - R2 Score: 0.56
ERROR: 2023-08-28 16:02:13,707: Unable to save metrics or parameters. Error: Expecting value: line 1 column 1 (char 0)
INFO: 2023-08-28 16:02:13,708: 'DecisionTreeRegressor()' saved to 'saved_models\DecisionTreeRegressor'
INFO: 2023-08-28 16:03:04,060: Successfully read winequality-red.csv, shape (1599, 12)
INFO: 2023-08-28 16:03:04,111: SVR - RMSE: 0.91 - MAE: 0.69 - R2 Score: 0.17
ERROR: 2023-08-28 16:03:04,117: Unable to save metrics or parameters. Error: Expecting value: line 1 column 1 (char 0)
INFO: 2023-08-28 16:03:04,118: 'SVR()' saved to 'saved_models\SVR'
INFO: 2023-08-28 16:03:04,235: GradientBoostingRegressor - RMSE: 0.53 - MAE: 0.41 - R2 Score: 0.72
ERROR: 2023-08-28 16:03:04,239: Unable to save metrics or parameters. Error: Expecting value: line 1 column 1 (char 0)
INFO: 2023-08-28 16:03:04,241: 'GradientBoostingRegressor(n_estimators=50)' saved to 'saved_models\GradientBoostingRegressor'
INFO: 2023-08-28 16:03:04,244: Ridge - RMSE: 0.82 - MAE: 0.64 - R2 Score: 0.34
ERROR: 2023-08-28 16:03:04,248: Unable to save metrics or parameters. Error: Expecting value: line 1 column 1 (char 0)
INFO: 2023-08-28 16:03:04,249: 'Ridge()' saved to 'saved_models\Ridge'
INFO: 2023-08-28 16:03:04,253: Lasso - RMSE: 1.00 - MAE: 0.82 - R2 Score: 0.01
ERROR: 2023-08-28 16:03:04,257: Unable to save metrics or parameters. Error: Expecting value: line 1 column 1 (char 0)
INFO: 2023-08-28 16:03:04,258: 'Lasso()' saved to 'saved_models\Lasso'
INFO: 2023-08-28 16:03:04,274: DecisionTreeRegressor - RMSE: 0.67 - MAE: 0.44 - R2 Score: 0.55
ERROR: 2023-08-28 16:03:04,278: Unable to save metrics or parameters. Error: Expecting value: line 1 column 1 (char 0)
INFO: 2023-08-28 16:03:04,279: 'DecisionTreeRegressor()' saved to 'saved_models\DecisionTreeRegressor'
INFO: 2023-08-28 16:05:31,238: Successfully read winequality-red.csv, shape (1599, 12)
INFO: 2023-08-28 16:05:31,289: SVR - RMSE: 0.91 - MAE: 0.69 - R2 Score: 0.17
ERROR: 2023-08-28 16:05:31,292: Unable to save metrics or parameters. Error: Expecting value: line 1 column 1 (char 0)
INFO: 2023-08-28 16:05:31,294: 'SVR()' saved to 'saved_models\SVR'
INFO: 2023-08-28 16:05:31,406: GradientBoostingRegressor - RMSE: 0.53 - MAE: 0.41 - R2 Score: 0.72
ERROR: 2023-08-28 16:05:31,409: Unable to save metrics or parameters. Error: Expecting value: line 1 column 1 (char 0)
INFO: 2023-08-28 16:05:31,410: 'GradientBoostingRegressor(n_estimators=50)' saved to 'saved_models\GradientBoostingRegressor'
INFO: 2023-08-28 16:05:31,413: Ridge - RMSE: 0.82 - MAE: 0.64 - R2 Score: 0.34
ERROR: 2023-08-28 16:05:31,416: Unable to save metrics or parameters. Error: Expecting value: line 1 column 1 (char 0)
INFO: 2023-08-28 16:05:31,417: 'Ridge()' saved to 'saved_models\Ridge'
INFO: 2023-08-28 16:05:31,420: Lasso - RMSE: 1.00 - MAE: 0.82 - R2 Score: 0.01
ERROR: 2023-08-28 16:05:31,423: Unable to save metrics or parameters. Error: Expecting value: line 1 column 1 (char 0)
INFO: 2023-08-28 16:05:31,423: 'Lasso()' saved to 'saved_models\Lasso'
INFO: 2023-08-28 16:05:31,438: DecisionTreeRegressor - RMSE: 0.68 - MAE: 0.44 - R2 Score: 0.54
ERROR: 2023-08-28 16:05:31,442: Unable to save metrics or parameters. Error: Expecting value: line 1 column 1 (char 0)
INFO: 2023-08-28 16:05:31,443: 'DecisionTreeRegressor()' saved to 'saved_models\DecisionTreeRegressor'
INFO: 2023-08-28 16:05:55,210: Successfully read winequality-red.csv, shape (1599, 12)
INFO: 2023-08-28 16:05:55,263: SVR - RMSE: 0.91 - MAE: 0.69 - R2 Score: 0.17
ERROR: 2023-08-28 16:05:55,267: Unable to save metrics. Error: Expecting value: line 1 column 1 (char 0)
INFO: 2023-08-28 16:05:55,269: 'SVR()' saved to 'saved_models\SVR'
INFO: 2023-08-28 16:05:55,383: GradientBoostingRegressor - RMSE: 0.53 - MAE: 0.41 - R2 Score: 0.72
ERROR: 2023-08-28 16:05:55,388: Unable to save metrics. Error: Expecting value: line 1 column 1 (char 0)
INFO: 2023-08-28 16:05:55,389: 'GradientBoostingRegressor(n_estimators=50)' saved to 'saved_models\GradientBoostingRegressor'
INFO: 2023-08-28 16:05:55,392: Ridge - RMSE: 0.82 - MAE: 0.64 - R2 Score: 0.34
ERROR: 2023-08-28 16:05:55,395: Unable to save metrics. Error: Expecting value: line 1 column 1 (char 0)
INFO: 2023-08-28 16:05:55,395: 'Ridge()' saved to 'saved_models\Ridge'
INFO: 2023-08-28 16:05:55,400: Lasso - RMSE: 1.00 - MAE: 0.82 - R2 Score: 0.01
ERROR: 2023-08-28 16:05:55,403: Unable to save metrics. Error: Expecting value: line 1 column 1 (char 0)
INFO: 2023-08-28 16:05:55,404: 'Lasso()' saved to 'saved_models\Lasso'
INFO: 2023-08-28 16:05:55,421: DecisionTreeRegressor - RMSE: 0.67 - MAE: 0.43 - R2 Score: 0.56
ERROR: 2023-08-28 16:05:55,424: Unable to save metrics. Error: Expecting value: line 1 column 1 (char 0)
INFO: 2023-08-28 16:05:55,425: 'DecisionTreeRegressor()' saved to 'saved_models\DecisionTreeRegressor'
INFO: 2023-08-28 16:08:05,958: Successfully read winequality-red.csv, shape (1599, 12)
INFO: 2023-08-28 16:08:06,014: SVR - RMSE: 0.91 - MAE: 0.69 - R2 Score: 0.17
ERROR: 2023-08-28 16:08:06,019: Unable to save metrics. Error: 'str' object has no attribute 'read'
INFO: 2023-08-28 16:08:06,020: 'SVR()' saved to 'saved_models\SVR'
INFO: 2023-08-28 16:08:06,136: GradientBoostingRegressor - RMSE: 0.53 - MAE: 0.41 - R2 Score: 0.72
ERROR: 2023-08-28 16:08:06,140: Unable to save metrics. Error: 'str' object has no attribute 'read'
INFO: 2023-08-28 16:08:06,142: 'GradientBoostingRegressor(n_estimators=50)' saved to 'saved_models\GradientBoostingRegressor'
INFO: 2023-08-28 16:08:06,146: Ridge - RMSE: 0.82 - MAE: 0.64 - R2 Score: 0.34
ERROR: 2023-08-28 16:08:06,150: Unable to save metrics. Error: 'str' object has no attribute 'read'
INFO: 2023-08-28 16:08:06,150: 'Ridge()' saved to 'saved_models\Ridge'
INFO: 2023-08-28 16:08:06,154: Lasso - RMSE: 1.00 - MAE: 0.82 - R2 Score: 0.01
ERROR: 2023-08-28 16:08:06,158: Unable to save metrics. Error: 'str' object has no attribute 'read'
INFO: 2023-08-28 16:08:06,159: 'Lasso()' saved to 'saved_models\Lasso'
INFO: 2023-08-28 16:08:06,175: DecisionTreeRegressor - RMSE: 0.68 - MAE: 0.45 - R2 Score: 0.55
ERROR: 2023-08-28 16:08:06,179: Unable to save metrics. Error: 'str' object has no attribute 'read'
INFO: 2023-08-28 16:08:06,180: 'DecisionTreeRegressor()' saved to 'saved_models\DecisionTreeRegressor'
INFO: 2023-08-28 16:10:42,747: Successfully read winequality-red.csv, shape (1599, 12)
INFO: 2023-08-28 16:10:42,803: SVR - RMSE: 0.91 - MAE: 0.69 - R2 Score: 0.17
ERROR: 2023-08-28 16:10:42,807: Unable to save metrics. Error: 'str' object has no attribute 'read'
INFO: 2023-08-28 16:10:42,808: 'SVR()' saved to 'saved_models\SVR'
INFO: 2023-08-28 16:10:42,922: GradientBoostingRegressor - RMSE: 0.53 - MAE: 0.41 - R2 Score: 0.72
ERROR: 2023-08-28 16:10:42,926: Unable to save metrics. Error: 'str' object has no attribute 'read'
INFO: 2023-08-28 16:10:42,927: 'GradientBoostingRegressor(n_estimators=50)' saved to 'saved_models\GradientBoostingRegressor'
INFO: 2023-08-28 16:10:42,930: Ridge - RMSE: 0.82 - MAE: 0.64 - R2 Score: 0.34
ERROR: 2023-08-28 16:10:42,934: Unable to save metrics. Error: 'str' object has no attribute 'read'
INFO: 2023-08-28 16:10:42,935: 'Ridge()' saved to 'saved_models\Ridge'
INFO: 2023-08-28 16:10:42,938: Lasso - RMSE: 1.00 - MAE: 0.82 - R2 Score: 0.01
ERROR: 2023-08-28 16:10:42,941: Unable to save metrics. Error: 'str' object has no attribute 'read'
INFO: 2023-08-28 16:10:42,942: 'Lasso()' saved to 'saved_models\Lasso'
INFO: 2023-08-28 16:10:42,961: DecisionTreeRegressor - RMSE: 0.66 - MAE: 0.43 - R2 Score: 0.57
ERROR: 2023-08-28 16:10:42,965: Unable to save metrics. Error: 'str' object has no attribute 'read'
INFO: 2023-08-28 16:10:42,966: 'DecisionTreeRegressor()' saved to 'saved_models\DecisionTreeRegressor'
INFO: 2023-08-28 16:13:22,954: Successfully read winequality-red.csv, shape (1599, 12)
INFO: 2023-08-28 16:13:23,008: SVR - RMSE: 0.91 - MAE: 0.69 - R2 Score: 0.17
INFO: 2023-08-28 16:13:23,015: 'SVR()' saved to 'saved_models\SVR'
INFO: 2023-08-28 16:13:23,129: GradientBoostingRegressor - RMSE: 0.53 - MAE: 0.41 - R2 Score: 0.72
INFO: 2023-08-28 16:13:23,135: 'GradientBoostingRegressor(n_estimators=50)' saved to 'saved_models\GradientBoostingRegressor'
INFO: 2023-08-28 16:13:23,139: Ridge - RMSE: 0.82 - MAE: 0.64 - R2 Score: 0.34
INFO: 2023-08-28 16:13:23,144: 'Ridge()' saved to 'saved_models\Ridge'
INFO: 2023-08-28 16:13:23,148: Lasso - RMSE: 1.00 - MAE: 0.82 - R2 Score: 0.01
INFO: 2023-08-28 16:13:23,153: 'Lasso()' saved to 'saved_models\Lasso'
INFO: 2023-08-28 16:13:23,168: DecisionTreeRegressor - RMSE: 0.66 - MAE: 0.44 - R2 Score: 0.57
INFO: 2023-08-28 16:13:23,174: 'DecisionTreeRegressor()' saved to 'saved_models\DecisionTreeRegressor'
INFO: 2023-08-28 16:15:38,502: Successfully read winequality-red.csv, shape (1599, 12)
INFO: 2023-08-28 16:15:38,554: SVR - RMSE: 0.91 - MAE: 0.69 - R2 Score: 0.17
INFO: 2023-08-28 16:15:38,559: 'SVR()' saved to 'saved_models\SVR'
INFO: 2023-08-28 16:15:38,672: GradientBoostingRegressor - RMSE: 0.53 - MAE: 0.41 - R2 Score: 0.72
INFO: 2023-08-28 16:15:38,677: 'GradientBoostingRegressor(n_estimators=50)' saved to 'saved_models\GradientBoostingRegressor'
INFO: 2023-08-28 16:15:38,681: Ridge - RMSE: 0.82 - MAE: 0.64 - R2 Score: 0.34
INFO: 2023-08-28 16:15:38,687: 'Ridge()' saved to 'saved_models\Ridge'
INFO: 2023-08-28 16:15:38,690: Lasso - RMSE: 1.00 - MAE: 0.82 - R2 Score: 0.01
INFO: 2023-08-28 16:15:38,695: 'Lasso()' saved to 'saved_models\Lasso'
INFO: 2023-08-28 16:15:38,710: DecisionTreeRegressor - RMSE: 0.67 - MAE: 0.44 - R2 Score: 0.55
INFO: 2023-08-28 16:15:38,717: 'DecisionTreeRegressor()' saved to 'saved_models\DecisionTreeRegressor'
